{
  "RSpec": {
    "coverage": {
      "/home/admin/projects/gpc-decidim/app/overrides/decidim/assemblies/assemblies/show/hide_sidebar.rb": {
        "lines": [
          null,
          null,
          1,
          null,
          null,
          null
        ]
      },
      "/home/admin/projects/gpc-decidim/app/overrides/decidim/assemblies/assemblies/show/remove_column_size.rb": {
        "lines": [
          null,
          null,
          1,
          null,
          null,
          null
        ]
      },
      "/home/admin/projects/gpc-decidim/app/overrides/decidim/participatory_processes/participatory_processes/show/hide_sidebar.rb": {
        "lines": [
          null,
          null,
          1,
          null,
          null,
          null
        ]
      },
      "/home/admin/projects/gpc-decidim/app/overrides/decidim/participatory_processes/participatory_processes/show/remove_column_size.rb": {
        "lines": [
          null,
          null,
          1,
          null,
          null,
          null
        ]
      },
      "/home/admin/projects/gpc-decidim/app/overrides/decidim/proposals/proposals/_proposals/hide_show_withdrawn.rb": {
        "lines": [
          null,
          null,
          1,
          null,
          null,
          null
        ]
      },
      "/home/admin/projects/gpc-decidim/app/helpers/application_helper.rb": {
        "lines": [
          null,
          null,
          1,
          1,
          0,
          null,
          null,
          1,
          0,
          null,
          null,
          1,
          3,
          null,
          0,
          null,
          0,
          null,
          null,
          1,
          0,
          null,
          0,
          null,
          null,
          1,
          14,
          14,
          null,
          0,
          null,
          null,
          1,
          3,
          null,
          null,
          1,
          0,
          null,
          null,
          1,
          0,
          0,
          0,
          null,
          null,
          null,
          1,
          0,
          0,
          0,
          null,
          null,
          null,
          1,
          0,
          0,
          null,
          0,
          0,
          null,
          0,
          null,
          null,
          1,
          0,
          0,
          0,
          null,
          null,
          null
        ]
      },
      "/home/admin/projects/gpc-decidim/app/controllers/concerns/registrations_controller_override.rb": {
        "lines": [
          null,
          null,
          null,
          1,
          1,
          null,
          1,
          1,
          null,
          1,
          0,
          0,
          null,
          0,
          null,
          null,
          null
        ]
      },
      "/home/admin/projects/gpc-decidim/app/controllers/concerns/omniauth_registrations_controller_override.rb": {
        "lines": [
          null,
          null,
          null,
          1,
          1,
          null,
          1,
          1,
          null,
          null,
          1,
          0,
          0,
          0,
          null,
          0,
          null,
          null,
          0,
          0,
          0,
          null,
          null,
          null,
          1,
          null,
          0,
          0,
          0,
          null,
          null,
          0,
          0,
          0,
          0,
          null,
          0,
          null,
          null,
          null,
          null
        ]
      },
      "/home/admin/projects/gpc-decidim/app/controllers/concerns/invitations_controller_override.rb": {
        "lines": [
          null,
          null,
          null,
          1,
          1,
          null,
          1,
          1,
          0,
          0,
          null,
          null,
          null
        ]
      },
      "/home/admin/projects/gpc-decidim/app/controllers/decidim_controller.rb": {
        "lines": [
          null,
          null,
          null,
          null,
          null,
          1,
          null
        ]
      },
      "/home/admin/projects/gpc-decidim/app/controllers/application_controller.rb": {
        "lines": [
          null,
          null,
          1,
          null
        ]
      },
      "/home/admin/projects/gpc-decidim/app/controllers/concerns/invites_controller_override.rb": {
        "lines": [
          null,
          null,
          null,
          1,
          1,
          null,
          1,
          1,
          null,
          1,
          0,
          0,
          null,
          null,
          0,
          0,
          null,
          null,
          null
        ]
      },
      "/home/admin/projects/gpc-decidim/app/forms/concerns/answer_questionnaire_override.rb": {
        "lines": [
          null,
          null,
          null,
          1,
          1,
          1,
          null,
          1,
          null,
          null,
          null,
          1,
          0,
          null,
          0,
          null,
          0,
          0,
          0,
          null,
          0,
          null,
          0,
          null,
          null,
          null,
          1,
          null,
          1,
          0,
          0,
          null,
          0,
          0,
          0,
          null,
          0,
          null,
          0,
          null,
          null,
          0,
          0,
          null,
          null,
          null,
          null
        ]
      },
      "/home/admin/projects/gpc-decidim/app/helpers/concerns/card_helper_override.rb": {
        "lines": [
          null,
          null,
          null,
          1,
          1,
          1,
          null,
          1,
          1,
          3,
          0,
          3,
          0,
          3,
          0,
          null,
          3,
          null,
          null,
          null,
          null
        ]
      },
      "/home/admin/projects/gpc-decidim/app/cells/concerns/highlighted_proposals_for_component_cell_override.rb": {
        "lines": [
          null,
          null,
          null,
          1,
          1,
          null,
          1,
          1,
          0,
          null,
          null,
          1,
          0,
          0,
          null,
          0,
          null,
          null,
          null
        ]
      },
      "/home/admin/projects/gpc-decidim/app/cells/concerns/comments_cell_override.rb": {
        "lines": [
          null,
          null,
          1,
          1,
          null,
          1,
          1,
          null,
          1,
          6,
          0,
          0,
          null,
          6,
          null,
          null,
          null,
          null
        ]
      },
      "/home/admin/projects/gpc-decidim/app/controllers/concerns/decidim/paginable.rb": {
        "lines": [
          null,
          null,
          1,
          null,
          1,
          null,
          1,
          1,
          null,
          1,
          null,
          1,
          2,
          2,
          null,
          2,
          1,
          null,
          null,
          2,
          2,
          0,
          2,
          0,
          0,
          null,
          2,
          null,
          null,
          null,
          2,
          0,
          null,
          null,
          null,
          null
        ]
      },
      "/home/admin/projects/gpc-decidim/app/services/deepl_translator.rb": {
        "lines": [
          null,
          null,
          1,
          1,
          null,
          1,
          0,
          0,
          0,
          0,
          0,
          null,
          null,
          1,
          0,
          null,
          0,
          null,
          null,
          null,
          null,
          null,
          null,
          null
        ]
      },
      "/home/admin/projects/gpc-decidim/app/cells/contestant_m_cell.rb": {
        "lines": [
          null,
          null,
          null,
          null,
          0,
          0,
          null,
          0,
          0,
          0,
          null,
          0,
          0,
          0,
          null,
          0,
          0,
          0
        ],
        "branches": {
        }
      },
      "/home/admin/projects/gpc-decidim/app/cells/leadership_m_cell.rb": {
        "lines": [
          null,
          null,
          null,
          null,
          0,
          0,
          null,
          0,
          0,
          0,
          null,
          0,
          0,
          0
        ],
        "branches": {
        }
      },
      "/home/admin/projects/gpc-decidim/app/cells/leadership_meeting_m_cell.rb": {
        "lines": [
          null,
          null,
          0,
          0,
          0,
          0,
          0
        ],
        "branches": {
        }
      },
      "/home/admin/projects/gpc-decidim/app/channels/application_cable/channel.rb": {
        "lines": [
          null,
          null,
          0,
          0,
          0,
          0
        ],
        "branches": {
        }
      },
      "/home/admin/projects/gpc-decidim/app/channels/application_cable/connection.rb": {
        "lines": [
          null,
          null,
          0,
          0,
          0,
          0
        ],
        "branches": {
        }
      },
      "/home/admin/projects/gpc-decidim/app/controllers/static_controller.rb": {
        "lines": [
          null,
          null,
          0,
          0,
          0,
          0,
          0
        ],
        "branches": {
        }
      },
      "/home/admin/projects/gpc-decidim/app/jobs/application_job.rb": {
        "lines": [
          null,
          null,
          0,
          0
        ],
        "branches": {
        }
      },
      "/home/admin/projects/gpc-decidim/app/jobs/invoke_rake_task_job.rb": {
        "lines": [
          null,
          null,
          0,
          0,
          null,
          0,
          0,
          0,
          0,
          0,
          0
        ],
        "branches": {
        }
      },
      "/home/admin/projects/gpc-decidim/app/mailers/application_mailer.rb": {
        "lines": [
          null,
          null,
          0,
          0,
          0,
          0
        ],
        "branches": {
        }
      },
      "/home/admin/projects/gpc-decidim/app/mailers/questionnaire_submit_mailer.rb": {
        "lines": [
          null,
          null,
          0,
          0,
          null,
          0,
          0,
          0,
          0,
          0,
          0,
          null,
          0,
          0,
          0,
          0,
          0
        ],
        "branches": {
        }
      },
      "/home/admin/projects/gpc-decidim/app/models/application_record.rb": {
        "lines": [
          null,
          null,
          0,
          0,
          0
        ],
        "branches": {
        }
      },
      "/home/admin/projects/gpc-decidim/app/models/event_meeting.rb": {
        "lines": [
          null,
          null,
          0,
          0,
          0
        ],
        "branches": {
        }
      }
    },
    "timestamp": 1706623260
  }
}
